<?xml version="1.0" encoding="UTF-8"?>
<testng-results skipped="0" failed="0" ignored="0" total="2" passed="2">
  <reporter-output>
  </reporter-output>
  <suite name="Default suite" duration-ms="2203" started-at="2021-11-09T12:05:52Z" finished-at="2021-11-09T12:05:54Z">
    <groups>
    </groups>
    <test name="Default test" duration-ms="2203" started-at="2021-11-09T12:05:52Z" finished-at="2021-11-09T12:05:54Z">
      <class name="day1.GitHubExample">
        <test-method status="PASS" signature="addRepository()[pri:0, instance:day1.GitHubExample@36f0f1be]" name="addRepository" duration-ms="1799" started-at="2021-11-09T12:05:52Z" description="Adding respositories" finished-at="2021-11-09T12:05:53Z">
          <reporter-output>
          </reporter-output>
        </test-method> <!-- addRepository -->
        <test-method status="PASS" signature="getAllRepo()[pri:0, instance:day1.GitHubExample@36f0f1be]" name="getAllRepo" duration-ms="373" started-at="2021-11-09T12:05:53Z" description="Getting all respositories" finished-at="2021-11-09T12:05:54Z">
          <reporter-output>
          </reporter-output>
        </test-method> <!-- getAllRepo -->
      </class> <!-- day1.GitHubExample -->
    </test> <!-- Default test -->
  </suite> <!-- Default suite -->
</testng-results>
